TN:
SF:server.js
FN:22,getHomePage
FN:26,getData
FN:35,forceError
FN:40,start
FN:41,(anonymous_4)
FNF:5
FNH:3
FNDA:1,getHomePage
FNDA:2,getData
FNDA:1,forceError
FNDA:0,start
FNDA:0,(anonymous_4)
DA:3,1
DA:4,1
DA:5,1
DA:7,1
DA:8,1
DA:9,1
DA:11,1
DA:14,1
DA:15,1
DA:16,1
DA:18,1
DA:19,1
DA:23,1
DA:27,2
DA:32,2
DA:37,1
DA:41,0
DA:42,0
DA:46,1
LF:19
LH:17
BRDA:11,0,0,1
BRDA:11,0,1,0
BRF:2
BRH:1
end_of_record
TN:
SF:handlers/404.js
FN:3,notFound
FNF:1
FNH:1
FNDA:1,notFound
DA:4,1
DA:11,1
LF:2
LH:2
BRF:0
BRH:0
end_of_record
TN:
SF:handlers/500.js
FN:3,serverError
FNF:1
FNH:1
FNDA:1,serverError
DA:4,1
DA:13,1
LF:2
LH:2
BRF:0
BRH:0
end_of_record
TN:
SF:middleware/stamper.js
FN:3,(anonymous_0)
FNF:1
FNH:1
FNDA:2,(anonymous_0)
DA:3,1
DA:4,2
DA:5,2
LF:3
LH:3
BRF:0
BRH:0
end_of_record
